


ARM Macro Assembler    Page 1 


    1 00000000         
    2 00000000         
    3 00000000         
    4 00000000         
    5 00000000         
    6 00000000         ; Broches select
    7 00000000 0000003C 
                       LEDS_PIN_INIT
                               EQU              0x3C        ; 00111100 mask of 
                                                            all used leds
    8 00000000         ;(internet leds only activates if bit 3 & 4 are 0)      
                       
    9 00000000 0000003C 
                       LEDS_FORWARD_PIN
                               EQU              0x3C        ; 00111100 led1 & l
                                                            ed2 on pin 5 & 6
   10 00000000 00000000 
                       LEDS_BACKWARD_PIN
                               EQU              0x00        ; 00000000 internet
                                                            1 & internet2 on pi
                                                            n 3 & 4 when 0
   11 00000000         
   12 00000000 00000030 
                       LEDS_ALL_PIN
                               EQU              0x30        ; 00110000 Active a
                                                            ll leds (Forward & 
                                                            backward)
   13 00000000 0000000C 
                       LEDS_STOP_PIN
                               EQU              0x0C        ; 00001100 Stop all
                                                             leds
   14 00000000         
   15 00000000         
   16 00000000         
   17 00000000         
   18 00000000         ;GPIO_O_DR2R : The GPIODR2R register is the 2-mA drive c
                       ontrol register; By default, all GPIO pins have 2-mA dri
                       ve.
   19 00000000         
   20 00000000         
   21 00000000 40025000 
                       GPIO_PORTF_BASE
                               EQU              0x40025000  ; GPIO Port F (APB)
                                                             base: 0x4002.5000 
                                                            (p416 datasheet de 
                                                            lm3s9B92.pdf)
   22 00000000 00000400 
                       GPIO_O_DIR
                               EQU              0x00000400  ; GPIO Direction (p
                                                            417 datasheet de lm
                                                            3s9B92.pdf)
   23 00000000 00000500 
                       GPIO_O_DR2R
                               EQU              0x00000500  ; GPIO 2-mA Drive S
                                                            elect (p428 datashe
                                                            et de lm3s9B92.pdf)
                                                            
   24 00000000 0000051C 
                       GPIO_O_DEN



ARM Macro Assembler    Page 2 


                               EQU              0x0000051C  ; GPIO Digital Enab
                                                            le (p437 datasheet 
                                                            de lm3s9B92.pdf)
   25 00000000         
   26 00000000         
   27 00000000         
   28 00000000                 AREA             |.text|, CODE, READONLY
   29 00000000                 ENTRY
   30 00000000         
   31 00000000         ;; The EXPORT command specifies that a symbol can be acc
                       essed by other shared objects or executables.
   32 00000000                 EXPORT           LEDS_INIT
   33 00000000                 EXPORT           LEDS_FORWARD_ON
   34 00000000                 EXPORT           LEDS_BACKWARD_ON
   35 00000000                 EXPORT           LEDS_ON
   36 00000000                 EXPORT           LEDS_OFF
   37 00000000                 EXPORT           LEDS_BACKWARD_INVERT
   38 00000000         
   39 00000000         
   40 00000000         LEDS_INIT
   41 00000000 4E10            ldr              r6, = GPIO_PORTF_BASE+GPIO_O_DI
R 
                                                            ;; 1 Pin du portF e
                                                            n sortie (broche 4 
                                                            : 00010000)
   42 00000002 F04F 003C       ldr              r0, = LEDS_PIN_INIT
   43 00000006 6030            str              r0, [r6]
   44 00000008         
   45 00000008 4E0F            ldr              r6, = GPIO_PORTF_BASE+GPIO_O_DE
N 
                                                            ;; Enable Digital F
                                                            unction 
   46 0000000A F04F 003C       ldr              r0, = LEDS_PIN_INIT
   47 0000000E 6030            str              r0, [r6]
   48 00000010         
   49 00000010 4E0E            ldr              r6, = GPIO_PORTF_BASE+GPIO_O_DR
2R 
                                                            ;; Choix de l'inten
                                                            sité de sortie (2mA
                                                            )
   50 00000012 F04F 003C       ldr              r0, = LEDS_PIN_INIT
   51 00000016 6030            str              r0, [r6]
   52 00000018         
   53 00000018 4D0D            ldr              r5, = GPIO_PORTF_BASE + (LEDS_P
IN_INIT<<2) 
                                                            ;; @data Register =
                                                             @base + (mask<<2)
   54 0000001A         
   55 0000001A 4770            BX               LR          ; FIN du sous progr
                                                            amme d'init.
   56 0000001C         
   57 0000001C         
   58 0000001C         LEDS_FORWARD_ON
   59 0000001C F04F 003C       mov              r0, #LEDS_FORWARD_PIN
   60 00000020 6028            str              r0, [r5]
   61 00000022 4770            BX               LR
   62 00000024         
   63 00000024         LEDS_BACKWARD_ON
   64 00000024 F04F 0000       mov              r0, #LEDS_BACKWARD_PIN



ARM Macro Assembler    Page 3 


   65 00000028 6028            str              r0, [r5]
   66 0000002A 4770            BX               LR
   67 0000002C         
   68 0000002C         LEDS_BACKWARD_INVERT
   69 0000002C 6828            ldr              r0, [r5]
   70 0000002E 2800            CMP              r0, #0
   71 00000030 D1FE            BNE              LEDS_BACKWARD_ON
   72 00000032 E7FE            B                LEDS_OFF
   73 00000034         
   74 00000034         LEDS_ON
   75 00000034 F04F 0030       mov              r0, #LEDS_ALL_PIN
   76 00000038 6028            str              r0, [r5]
   77 0000003A 4770            BX               LR
   78 0000003C         
   79 0000003C         
   80 0000003C         LEDS_OFF
   81 0000003C F04F 000C       mov              r0, #LEDS_STOP_PIN
   82 00000040 6028            str              r0, [r5]
   83 00000042 4770            BX               LR
   84 00000044         
   85 00000044         
   86 00000044         END
                       
              40025400 
              4002551C 
              40025500 
              400250F0 
Command Line: --debug --xref --diag_suppress=9931 --cpu=Cortex-M3 --apcs=interw
ork --depend=.\objects\leds.d -o.\objects\leds.o -I.\RTE\_Target_1 -IC:\Users\D
arkvanus\AppData\Local\Arm\Packs\ARM\CMSIS\5.7.0\CMSIS\Core\Include -IC:\Users\
Darkvanus\AppData\Local\Arm\Packs\ARM\CMSIS\5.7.0\Device\ARM\ARMCM3\Include --p
redefine="__EVAL SETA 1" --predefine="__MICROLIB SETA 1" --predefine="__UVISION
_VERSION SETA 533" --predefine="_RTE_ SETA 1" --predefine="ARMCM3 SETA 1" --pre
define="_RTE_ SETA 1" --list=.\listings\leds.lst Leds.s



ARM Macro Assembler    Page 1 Alphabetic symbol ordering
Relocatable symbols

.text 00000000

Symbol: .text
   Definitions
      At line 28 in file Leds.s
   Uses
      None
Comment: .text unused
END 00000044

Symbol: END
   Definitions
      At line 86 in file Leds.s
   Uses
      None
Comment: END unused
LEDS_BACKWARD_INVERT 0000002C

Symbol: LEDS_BACKWARD_INVERT
   Definitions
      At line 68 in file Leds.s
   Uses
      At line 37 in file Leds.s
Comment: LEDS_BACKWARD_INVERT used once
LEDS_BACKWARD_ON 00000024

Symbol: LEDS_BACKWARD_ON
   Definitions
      At line 63 in file Leds.s
   Uses
      At line 34 in file Leds.s
      At line 71 in file Leds.s

LEDS_FORWARD_ON 0000001C

Symbol: LEDS_FORWARD_ON
   Definitions
      At line 58 in file Leds.s
   Uses
      At line 33 in file Leds.s
Comment: LEDS_FORWARD_ON used once
LEDS_INIT 00000000

Symbol: LEDS_INIT
   Definitions
      At line 40 in file Leds.s
   Uses
      At line 32 in file Leds.s
Comment: LEDS_INIT used once
LEDS_OFF 0000003C

Symbol: LEDS_OFF
   Definitions
      At line 80 in file Leds.s
   Uses
      At line 36 in file Leds.s
      At line 72 in file Leds.s

LEDS_ON 00000034



ARM Macro Assembler    Page 2 Alphabetic symbol ordering
Relocatable symbols


Symbol: LEDS_ON
   Definitions
      At line 74 in file Leds.s
   Uses
      At line 35 in file Leds.s
Comment: LEDS_ON used once
8 symbols



ARM Macro Assembler    Page 1 Alphabetic symbol ordering
Absolute symbols

GPIO_O_DEN 0000051C

Symbol: GPIO_O_DEN
   Definitions
      At line 24 in file Leds.s
   Uses
      At line 45 in file Leds.s
Comment: GPIO_O_DEN used once
GPIO_O_DIR 00000400

Symbol: GPIO_O_DIR
   Definitions
      At line 22 in file Leds.s
   Uses
      At line 41 in file Leds.s
Comment: GPIO_O_DIR used once
GPIO_O_DR2R 00000500

Symbol: GPIO_O_DR2R
   Definitions
      At line 23 in file Leds.s
   Uses
      At line 49 in file Leds.s
Comment: GPIO_O_DR2R used once
GPIO_PORTF_BASE 40025000

Symbol: GPIO_PORTF_BASE
   Definitions
      At line 21 in file Leds.s
   Uses
      At line 41 in file Leds.s
      At line 45 in file Leds.s
      At line 49 in file Leds.s
      At line 53 in file Leds.s

LEDS_ALL_PIN 00000030

Symbol: LEDS_ALL_PIN
   Definitions
      At line 12 in file Leds.s
   Uses
      At line 75 in file Leds.s
Comment: LEDS_ALL_PIN used once
LEDS_BACKWARD_PIN 00000000

Symbol: LEDS_BACKWARD_PIN
   Definitions
      At line 10 in file Leds.s
   Uses
      At line 64 in file Leds.s
Comment: LEDS_BACKWARD_PIN used once
LEDS_FORWARD_PIN 0000003C

Symbol: LEDS_FORWARD_PIN
   Definitions
      At line 9 in file Leds.s
   Uses
      At line 59 in file Leds.s
Comment: LEDS_FORWARD_PIN used once



ARM Macro Assembler    Page 2 Alphabetic symbol ordering
Absolute symbols

LEDS_PIN_INIT 0000003C

Symbol: LEDS_PIN_INIT
   Definitions
      At line 7 in file Leds.s
   Uses
      At line 42 in file Leds.s
      At line 46 in file Leds.s
      At line 50 in file Leds.s
      At line 53 in file Leds.s

LEDS_STOP_PIN 0000000C

Symbol: LEDS_STOP_PIN
   Definitions
      At line 13 in file Leds.s
   Uses
      At line 81 in file Leds.s
Comment: LEDS_STOP_PIN used once
9 symbols
354 symbols in table
