


ARM Macro Assembler    Page 1 


    1 00000000         ;; RK 12/2012 - Evalbot (Cortex M3 de Texas Instrument)
    2 00000000         ;; Les deux LEDs sont initialement allumées
    3 00000000         ;; Ce programme lis l'état du bouton poussoir 1 connecté
                       e au port GPIOD broche 6
    4 00000000         ;; Si bouton poussoir fermé ==> fait clignoter les deux 
                       LED1&2 connectée au port GPIOF broches 4&5.
    5 00000000         
    6 00000000                 AREA             |.text|, CODE, READONLY
    7 00000000         
    8 00000000         ; This register controls the clock gating logic in norma
                       l Run mode
    9 00000000 400FE108 
                       SYSCTL_PERIPH_GPIO
                               EQU              0x400FE108  ; SYSCTL_RCGC2_R (p
                                                            291 datasheet de lm
                                                            3s9b92.pdf)
   10 00000000         
   11 00000000         ; The GPIODATA register is the data register
   12 00000000 40025000 
                       GPIO_PORTF_BASE
                               EQU              0x40025000  ; GPIO Port F (APB)
                                                             base: 0x4002.5000 
                                                            (p416 datasheet de 
                                                            lm3s9B92.pdf)
   13 00000000         
   14 00000000         ; The GPIODATA register is the data register
   15 00000000 40007000 
                       GPIO_PORTD_BASE
                               EQU              0x40007000  ; GPIO Port D (APB)
                                                             base: 0x4000.7000 
                                                            (p416 datasheet de 
                                                            lm3s9B92.pdf)
   16 00000000         
   17 00000000         ; configure the corresponding pin to be an output
   18 00000000         ; all GPIO pins are inputs by default
   19 00000000 00000400 
                       GPIO_O_DIR
                               EQU              0x00000400  ; GPIO Direction (p
                                                            417 datasheet de lm
                                                            3s9B92.pdf)
   20 00000000         
   21 00000000         ; The GPIODR2R register is the 2-mA drive control regist
                       er
   22 00000000         ; By default, all GPIO pins have 2-mA drive.
   23 00000000 00000500 
                       GPIO_O_DR2R
                               EQU              0x00000500  ; GPIO 2-mA Drive S
                                                            elect (p428 datashe
                                                            et de lm3s9B92.pdf)
                                                            
   24 00000000         
   25 00000000         ; Digital enable register
   26 00000000         ; To use the pin as a digital input or output, the corre
                       sponding GPIODEN bit must be set.
   27 00000000 0000051C 
                       GPIO_O_DEN
                               EQU              0x0000051C  ; GPIO Digital Enab
                                                            le (p437 datasheet 
                                                            de lm3s9B92.pdf)



ARM Macro Assembler    Page 2 


   28 00000000         
   29 00000000         ; Pul_up
   30 00000000 00000510 
                       GPIO_I_PUR
                               EQU              0x00000510  ; GPIO Digital Enab
                                                            le (p437 datasheet 
                                                            de lm3s9B92.pdf)
   31 00000000         
   32 00000000         ; Broches select
   33 00000000 000000FF 
                       BROCHE4_5
                               EQU              0xFF        ; led1 & led2 sur b
                                                            roche 4 et 5
   34 00000000         
   35 00000000 00000040 
                       BROCHE6 EQU              0x40        ; bouton poussoir 1
                                                            
   36 00000000         
   37 00000000         ; blinking frequency
   38 00000000 002FFFFF 
                       DUREE   EQU              0x002FFFFF
   39 00000000         
   40 00000000         
   41 00000000                 ENTRY
   42 00000000                 IMPORT           __functionTest
   43 00000000         __main5
   44 00000000 F7FF BFFE       B                __functionTest
   45 00000004         
   46 00000004         ; ;; Enable the Port F & D peripheral clock   (p291 data
                       sheet de lm3s9B96.pdf)
   47 00000004         ; ;;         
   48 00000004 4E18            ldr              r6, = SYSCTL_PERIPH_GPIO 
                                                            ;; RCGC2
   49 00000006 F04F 0028       mov              r0, #0x00000028 ;; Enable clock
                                                             sur GPIO D et F où
                                                             sont branchés les 
                                                            leds (0x28 == 0b101
                                                            000)
   50 0000000A         ; ;;                              (GPIO::FEDCBA)
   51 0000000A 6030            str              r0, [r6]
   52 0000000C         
   53 0000000C         ; ;; "There must be a delay of 3 system clocks before an
                       y GPIO reg. access  (p413 datasheet de lm3s9B92.pdf)
   54 0000000C BF00            nop                          ;; tres tres import
                                                            ant....
   55 0000000E BF00            nop
   56 00000010 BF00            nop                          ;; pas necessaire e
                                                            n simu ou en debbug
                                                             step by step...
   57 00000012         
   58 00000012         ;^^^^^^^^^^^^^^^^^^^^^^^^^^^^^^CONFIGURATION LED
   59 00000012         
   60 00000012 4E16            ldr              r6, = GPIO_PORTF_BASE+GPIO_O_DI
R 
                                                            ;; 1 Pin du portF e
                                                            n sortie (broche 4 
                                                            : 00010000)
   61 00000014 F04F 00FF       ldr              r0, = BROCHE4_5
   62 00000018 6030            str              r0, [r6]



ARM Macro Assembler    Page 3 


   63 0000001A         
   64 0000001A 4E15            ldr              r6, = GPIO_PORTF_BASE+GPIO_O_DE
N 
                                                            ;; Enable Digital F
                                                            unction 
   65 0000001C F04F 00FF       ldr              r0, = BROCHE4_5
   66 00000020 6030            str              r0, [r6]
   67 00000022         
   68 00000022 4E14            ldr              r6, = GPIO_PORTF_BASE+GPIO_O_DR
2R 
                                                            ;; Choix de l'inten
                                                            sité de sortie (2mA
                                                            )
   69 00000024 F04F 00FF       ldr              r0, = BROCHE4_5
   70 00000028 6030            str              r0, [r6]
   71 0000002A         
   72 0000002A F04F 0200       mov              r2, #0x000  ;; pour eteindre LE
                                                            D
   73 0000002E         
   74 0000002E         ; allumer la led broche 4 (BROCHE4_5)
   75 0000002E F04F 03FF       mov              r3, #BROCHE4_5 ;; Allume LED1&2
                                                             portF broche 4&5 :
                                                             00110000
   76 00000032         
   77 00000032 4E11            ldr              r6, = GPIO_PORTF_BASE + (BROCHE
4_5<<2) 
                                                            ;; @data Register =
                                                             @base + (mask<<2) 
                                                            ==> LED1
   78 00000034         ;vvvvvvvvvvvvvvvvvvvvvvvFin configuration LED 
   79 00000034         
   80 00000034         
   81 00000034         
   82 00000034         
   83 00000034         ;^^^^^^^^^^^^^^^^^^^^^^^^^^^^^^CONFIGURATION Switcher 1
   84 00000034         
   85 00000034 4F11            ldr              r7, = GPIO_PORTD_BASE+GPIO_I_PU
R 
                                                            ;; Pul_up 
   86 00000036 F04F 0040       ldr              r0, = BROCHE6
   87 0000003A 6038            str              r0, [r7]
   88 0000003C         
   89 0000003C 4F10            ldr              r7, = GPIO_PORTD_BASE+GPIO_O_DE
N 
                                                            ;; Enable Digital F
                                                            unction 
   90 0000003E F04F 0040       ldr              r0, = BROCHE6
   91 00000042 6038            str              r0, [r7]
   92 00000044         
   93 00000044 4F0F            ldr              r7, = GPIO_PORTD_BASE + (BROCHE
6<<2) 
                                                            ;; @data Register =
                                                             @base + (mask<<2) 
                                                            ==> Switcher
   94 00000046         
   95 00000046         ;vvvvvvvvvvvvvvvvvvvvvvvFin configuration Switcher 
   96 00000046         
   97 00000046         
   98 00000046         



ARM Macro Assembler    Page 4 


   99 00000046         ;^^^^^^^^^^^^^^^^^^^^^^^^^^^^^^CLIGNOTTEMENT
  100 00000046         
  101 00000046 6033            str              r3, [r6]    ;; Allume LED1&2 po
                                                            rtF broche 4&5 : 00
                                                            110000 (contenu de 
                                                            r3)
  102 00000048         
  103 00000048         ReadState
  104 00000048         
  105 00000048 F8D7 A000       ldr              r10,[r7]
  106 0000004C F1BA 0F00       CMP              r10,#0x00
  107 00000050 D1FA            BNE              ReadState
  108 00000052         
  109 00000052         loop
  110 00000052 6032            str              r2, [r6]    ;; Eteint LED car r
                                                            2 = 0x00      
  111 00000054 490C            ldr              r1, = DUREE ;; pour la duree de
                                                             la boucle d'attent
                                                            e1 (wait1)
  112 00000056         
  113 00000056 3901    wait1   subs             r1, #1
  114 00000058 D1FD            bne              wait1
  115 0000005A         
  116 0000005A 6033            str              r3, [r6]    ;; Allume LED1&2 po
                                                            rtF broche 4&5 : 00
                                                            110000 (contenu de 
                                                            r3)
  117 0000005C 490A            ldr              r1, = DUREE ;; pour la duree de
                                                             la boucle d'attent
                                                            e2 (wait2)
  118 0000005E         
  119 0000005E 3901    wait2   subs             r1, #1
  120 00000060 D1FD            bne              wait2
  121 00000062         
  122 00000062 E7F6            b                loop
  123 00000064         
  124 00000064 BF00            nop
  125 00000066                 END
              00 00 400FE108 
              40025400 
              4002551C 
              40025500 
              400253FC 
              40007510 
              4000751C 
              40007100 
              002FFFFF 
Command Line: --debug --xref --diag_suppress=9931 --cpu=Cortex-M3 --apcs=interw
ork --depend=.\objects\rk_blinky_1led.d -o.\objects\rk_blinky_1led.o -I.\RTE\_T
arget_1 -IC:\Users\vince\AppData\Local\Arm\Packs\ARM\CMSIS\5.7.0\CMSIS\Core\Inc
lude -IC:\Users\vince\AppData\Local\Arm\Packs\ARM\CMSIS\5.7.0\Device\ARM\ARMCM3
\Include --predefine="__EVAL SETA 1" --predefine="__MICROLIB SETA 1" --predefin
e="__UVISION_VERSION SETA 532" --predefine="_RTE_ SETA 1" --predefine="ARMCM3 S
ETA 1" --predefine="_RTE_ SETA 1" --list=.\listings\rk_blinky_1led.lst RK_Blink
y_1LED.s



ARM Macro Assembler    Page 1 Alphabetic symbol ordering
Relocatable symbols

.text 00000000

Symbol: .text
   Definitions
      At line 6 in file RK_Blinky_1LED.s
   Uses
      None
Comment: .text unused
ReadState 00000048

Symbol: ReadState
   Definitions
      At line 103 in file RK_Blinky_1LED.s
   Uses
      At line 107 in file RK_Blinky_1LED.s
Comment: ReadState used once
__main5 00000000

Symbol: __main5
   Definitions
      At line 43 in file RK_Blinky_1LED.s
   Uses
      None
Comment: __main5 unused
loop 00000052

Symbol: loop
   Definitions
      At line 109 in file RK_Blinky_1LED.s
   Uses
      At line 122 in file RK_Blinky_1LED.s
Comment: loop used once
wait1 00000056

Symbol: wait1
   Definitions
      At line 113 in file RK_Blinky_1LED.s
   Uses
      At line 114 in file RK_Blinky_1LED.s
Comment: wait1 used once
wait2 0000005E

Symbol: wait2
   Definitions
      At line 119 in file RK_Blinky_1LED.s
   Uses
      At line 120 in file RK_Blinky_1LED.s
Comment: wait2 used once
6 symbols



ARM Macro Assembler    Page 1 Alphabetic symbol ordering
Absolute symbols

BROCHE4_5 000000FF

Symbol: BROCHE4_5
   Definitions
      At line 33 in file RK_Blinky_1LED.s
   Uses
      At line 61 in file RK_Blinky_1LED.s
      At line 65 in file RK_Blinky_1LED.s
      At line 69 in file RK_Blinky_1LED.s
      At line 75 in file RK_Blinky_1LED.s
      At line 77 in file RK_Blinky_1LED.s

BROCHE6 00000040

Symbol: BROCHE6
   Definitions
      At line 35 in file RK_Blinky_1LED.s
   Uses
      At line 86 in file RK_Blinky_1LED.s
      At line 90 in file RK_Blinky_1LED.s
      At line 93 in file RK_Blinky_1LED.s

DUREE 002FFFFF

Symbol: DUREE
   Definitions
      At line 38 in file RK_Blinky_1LED.s
   Uses
      At line 111 in file RK_Blinky_1LED.s
      At line 117 in file RK_Blinky_1LED.s

GPIO_I_PUR 00000510

Symbol: GPIO_I_PUR
   Definitions
      At line 30 in file RK_Blinky_1LED.s
   Uses
      At line 85 in file RK_Blinky_1LED.s
Comment: GPIO_I_PUR used once
GPIO_O_DEN 0000051C

Symbol: GPIO_O_DEN
   Definitions
      At line 27 in file RK_Blinky_1LED.s
   Uses
      At line 64 in file RK_Blinky_1LED.s
      At line 89 in file RK_Blinky_1LED.s

GPIO_O_DIR 00000400

Symbol: GPIO_O_DIR
   Definitions
      At line 19 in file RK_Blinky_1LED.s
   Uses
      At line 60 in file RK_Blinky_1LED.s
Comment: GPIO_O_DIR used once
GPIO_O_DR2R 00000500

Symbol: GPIO_O_DR2R



ARM Macro Assembler    Page 2 Alphabetic symbol ordering
Absolute symbols

   Definitions
      At line 23 in file RK_Blinky_1LED.s
   Uses
      At line 68 in file RK_Blinky_1LED.s
Comment: GPIO_O_DR2R used once
GPIO_PORTD_BASE 40007000

Symbol: GPIO_PORTD_BASE
   Definitions
      At line 15 in file RK_Blinky_1LED.s
   Uses
      At line 85 in file RK_Blinky_1LED.s
      At line 89 in file RK_Blinky_1LED.s
      At line 93 in file RK_Blinky_1LED.s

GPIO_PORTF_BASE 40025000

Symbol: GPIO_PORTF_BASE
   Definitions
      At line 12 in file RK_Blinky_1LED.s
   Uses
      At line 60 in file RK_Blinky_1LED.s
      At line 64 in file RK_Blinky_1LED.s
      At line 68 in file RK_Blinky_1LED.s
      At line 77 in file RK_Blinky_1LED.s

SYSCTL_PERIPH_GPIO 400FE108

Symbol: SYSCTL_PERIPH_GPIO
   Definitions
      At line 9 in file RK_Blinky_1LED.s
   Uses
      At line 48 in file RK_Blinky_1LED.s
Comment: SYSCTL_PERIPH_GPIO used once
10 symbols



ARM Macro Assembler    Page 1 Alphabetic symbol ordering
External symbols

__functionTest 00000000

Symbol: __functionTest
   Definitions
      At line 42 in file RK_Blinky_1LED.s
   Uses
      At line 44 in file RK_Blinky_1LED.s
Comment: __functionTest used once
1 symbol
354 symbols in table
