


ARM Macro Assembler    Page 1 


    1 00000000         ; M. Akil, T. Grandpierre, R. Kachouri : département IT 
                       - ESIEE Paris -
    2 00000000         ; 01/2013 - Evalbot (Cortex M3 de Texas Instrument)
    3 00000000         ; programme - Pilotage 2 Moteurs Evalbot par PWM tout en
                        ASM (Evalbot tourne sur lui même)
    4 00000000         
    5 00000000         
    6 00000000         
    7 00000000                 AREA             |.text|, CODE, READONLY
    8 00000000                 ENTRY
    9 00000000                 EXPORT           __main
   10 00000000         
   11 00000000         ;; The IMPORT command specifies that a symbol is defined
                        in a shared object at runtime.
   12 00000000                 IMPORT           MOTEUR_INIT ; initialise les mo
                                                            teurs (configure le
                                                            s pwms + GPIO)
   13 00000000         
   14 00000000                 IMPORT           MOTEUR_DROIT_ON ; activer le mo
                                                            teur droit
   15 00000000                 IMPORT           MOTEUR_DROIT_OFF ; déactiver le
                                                             moteur droit
   16 00000000                 IMPORT           MOTEUR_DROIT_AVANT ; moteur dro
                                                            it tourne vers l'av
                                                            ant
   17 00000000                 IMPORT           MOTEUR_DROIT_ARRIERE ; moteur d
                                                            roit tourne vers l'
                                                            arrière
   18 00000000                 IMPORT           MOTEUR_DROIT_INVERSE ; inverse 
                                                            le sens de rotation
                                                             du moteur droit
   19 00000000         
   20 00000000                 IMPORT           MOTEUR_GAUCHE_ON ; activer le m
                                                            oteur gauche
   21 00000000                 IMPORT           MOTEUR_GAUCHE_OFF ; déactiver l
                                                            e moteur gauche
   22 00000000                 IMPORT           MOTEUR_GAUCHE_AVANT ; moteur ga
                                                            uche tourne vers l'
                                                            avant
   23 00000000                 IMPORT           MOTEUR_GAUCHE_ARRIERE ; moteur 
                                                            gauche tourne vers 
                                                            l'arrière
   24 00000000                 IMPORT           MOTEUR_GAUCHE_INVERSE ; inverse
                                                             le sens de rotatio
                                                            n du moteur gauche
   25 00000000                 IMPORT           MOTEUR_INIT_RAPIDE
   26 00000000         
   27 00000000         __main
   28 00000000         
   29 00000000         
   30 00000000         ;; BL Branchement vers un lien (sous programme)
   31 00000000         
   32 00000000         ; Configure les PWM + GPIO
   33 00000000 F7FF FFFE       BL               MOTEUR_INIT
   34 00000004         
   35 00000004         ; Activer les deux moteurs droit et gauche
   36 00000004 F7FF FFFE       BL               MOTEUR_DROIT_ON
   37 00000008 F7FF FFFE       BL               MOTEUR_GAUCHE_ON
   38 0000000C         



ARM Macro Assembler    Page 2 


   39 0000000C         ; Boucle de pilotage des 2 Moteurs (Evalbot tourne sur l
                       ui même)
   40 0000000C         loop
   41 0000000C F7FF FFFE       BL               MOTEUR_INIT
   42 00000010         ; Evalbot avance droit devant
   43 00000010 F7FF FFFE       BL               MOTEUR_DROIT_AVANT
   44 00000014 F7FF FFFE       BL               MOTEUR_GAUCHE_AVANT
   45 00000018         ; Avancement pendant une période (deux WAIT)
   46 00000018 F000 F80D       BL               WAIT        ; BL (Branchement v
                                                            ers le lien WAIT); 
                                                            possibilité de reto
                                                            ur à la suite avec 
                                                            (BX LR)
   47 0000001C F000 F80B       BL               WAIT
   48 00000020 F000 F809       BL               WAIT
   49 00000024 F7FF FFFE       BL               MOTEUR_INIT_RAPIDE
   50 00000028 F7FF FFFE       BL               MOTEUR_DROIT_AVANT
   51 0000002C F7FF FFFE       BL               MOTEUR_GAUCHE_AVANT
   52 00000030         ; Rotation à droite de l'Evalbot pendant une demi-périod
                       e (1 seul WAIT)
   53 00000030         
   54 00000030 F000 F801       BL               WAIT
   55 00000034         
   56 00000034 E7EA            b                loop
   57 00000036         
   58 00000036         ;; Boucle d'attante
   59 00000036 4902    WAIT    ldr              r1, =0xAFFFFF
   60 00000038 3901    wait1   subs             r1, #1
   61 0000003A D1FD            bne              wait1
   62 0000003C         
   63 0000003C         ;; retour à la suite du lien de branchement
   64 0000003C 4770            BX               LR
   65 0000003E         
   66 0000003E BF00            NOP
   67 00000040                 END
              00AFFFFF 
Command Line: --debug --xref --diag_suppress=9931 --cpu=Cortex-M3 --apcs=interw
ork --depend=.\objects\rk_priseenmain_moteurs.d -o.\objects\rk_priseenmain_mote
urs.o -I.\RTE\_Target_1 -IC:\Users\vince\AppData\Local\Arm\Packs\ARM\CMSIS\5.7.
0\CMSIS\Core\Include -IC:\Users\vince\AppData\Local\Arm\Packs\ARM\CMSIS\5.7.0\D
evice\ARM\ARMCM3\Include --predefine="__EVAL SETA 1" --predefine="__MICROLIB SE
TA 1" --predefine="__UVISION_VERSION SETA 532" --predefine="_RTE_ SETA 1" --pre
define="ARMCM3 SETA 1" --predefine="_RTE_ SETA 1" --list=.\listings\rk_priseenm
ain_moteurs.lst RK_PriseEnMain_Moteurs.s



ARM Macro Assembler    Page 1 Alphabetic symbol ordering
Relocatable symbols

.text 00000000

Symbol: .text
   Definitions
      At line 7 in file RK_PriseEnMain_Moteurs.s
   Uses
      None
Comment: .text unused
WAIT 00000036

Symbol: WAIT
   Definitions
      At line 59 in file RK_PriseEnMain_Moteurs.s
   Uses
      At line 46 in file RK_PriseEnMain_Moteurs.s
      At line 47 in file RK_PriseEnMain_Moteurs.s
      At line 48 in file RK_PriseEnMain_Moteurs.s
      At line 54 in file RK_PriseEnMain_Moteurs.s

__main 00000000

Symbol: __main
   Definitions
      At line 27 in file RK_PriseEnMain_Moteurs.s
   Uses
      At line 9 in file RK_PriseEnMain_Moteurs.s
Comment: __main used once
loop 0000000C

Symbol: loop
   Definitions
      At line 40 in file RK_PriseEnMain_Moteurs.s
   Uses
      At line 56 in file RK_PriseEnMain_Moteurs.s
Comment: loop used once
wait1 00000038

Symbol: wait1
   Definitions
      At line 60 in file RK_PriseEnMain_Moteurs.s
   Uses
      At line 61 in file RK_PriseEnMain_Moteurs.s
Comment: wait1 used once
5 symbols



ARM Macro Assembler    Page 1 Alphabetic symbol ordering
External symbols

MOTEUR_DROIT_ARRIERE 00000000

Symbol: MOTEUR_DROIT_ARRIERE
   Definitions
      At line 17 in file RK_PriseEnMain_Moteurs.s
   Uses
      None
Comment: MOTEUR_DROIT_ARRIERE unused
MOTEUR_DROIT_AVANT 00000000

Symbol: MOTEUR_DROIT_AVANT
   Definitions
      At line 16 in file RK_PriseEnMain_Moteurs.s
   Uses
      At line 43 in file RK_PriseEnMain_Moteurs.s
      At line 50 in file RK_PriseEnMain_Moteurs.s

MOTEUR_DROIT_INVERSE 00000000

Symbol: MOTEUR_DROIT_INVERSE
   Definitions
      At line 18 in file RK_PriseEnMain_Moteurs.s
   Uses
      None
Comment: MOTEUR_DROIT_INVERSE unused
MOTEUR_DROIT_OFF 00000000

Symbol: MOTEUR_DROIT_OFF
   Definitions
      At line 15 in file RK_PriseEnMain_Moteurs.s
   Uses
      None
Comment: MOTEUR_DROIT_OFF unused
MOTEUR_DROIT_ON 00000000

Symbol: MOTEUR_DROIT_ON
   Definitions
      At line 14 in file RK_PriseEnMain_Moteurs.s
   Uses
      At line 36 in file RK_PriseEnMain_Moteurs.s
Comment: MOTEUR_DROIT_ON used once
MOTEUR_GAUCHE_ARRIERE 00000000

Symbol: MOTEUR_GAUCHE_ARRIERE
   Definitions
      At line 23 in file RK_PriseEnMain_Moteurs.s
   Uses
      None
Comment: MOTEUR_GAUCHE_ARRIERE unused
MOTEUR_GAUCHE_AVANT 00000000

Symbol: MOTEUR_GAUCHE_AVANT
   Definitions
      At line 22 in file RK_PriseEnMain_Moteurs.s
   Uses
      At line 44 in file RK_PriseEnMain_Moteurs.s
      At line 51 in file RK_PriseEnMain_Moteurs.s

MOTEUR_GAUCHE_INVERSE 00000000



ARM Macro Assembler    Page 2 Alphabetic symbol ordering
External symbols


Symbol: MOTEUR_GAUCHE_INVERSE
   Definitions
      At line 24 in file RK_PriseEnMain_Moteurs.s
   Uses
      None
Comment: MOTEUR_GAUCHE_INVERSE unused
MOTEUR_GAUCHE_OFF 00000000

Symbol: MOTEUR_GAUCHE_OFF
   Definitions
      At line 21 in file RK_PriseEnMain_Moteurs.s
   Uses
      None
Comment: MOTEUR_GAUCHE_OFF unused
MOTEUR_GAUCHE_ON 00000000

Symbol: MOTEUR_GAUCHE_ON
   Definitions
      At line 20 in file RK_PriseEnMain_Moteurs.s
   Uses
      At line 37 in file RK_PriseEnMain_Moteurs.s
Comment: MOTEUR_GAUCHE_ON used once
MOTEUR_INIT 00000000

Symbol: MOTEUR_INIT
   Definitions
      At line 12 in file RK_PriseEnMain_Moteurs.s
   Uses
      At line 33 in file RK_PriseEnMain_Moteurs.s
      At line 41 in file RK_PriseEnMain_Moteurs.s

MOTEUR_INIT_RAPIDE 00000000

Symbol: MOTEUR_INIT_RAPIDE
   Definitions
      At line 25 in file RK_PriseEnMain_Moteurs.s
   Uses
      At line 49 in file RK_PriseEnMain_Moteurs.s
Comment: MOTEUR_INIT_RAPIDE used once
12 symbols
354 symbols in table
